<?xml version="1.0" encoding="UTF-8"?>
<!-- Generated by org.testng.reporters.JUnitReportReporter -->
<testsuite hostname="hhpp-PC" name="testCases.MonthlyEMICalc" tests="1" failures="0" timestamp="22 Dec 2014 07:02:00 GMT" time="1.545" errors="0">
  <testcase name="testapp" time="1.545" classname="testCases.MonthlyEMICalc"/>
</testsuite> <!-- testCases.MonthlyEMICalc -->
