<?xml version="1.0" encoding="UTF-8"?>
<!-- Generated by org.testng.reporters.JUnitReportReporter -->
<testsuite hostname="hhpp-PC" name="testCases.MonthlyEMICalc" tests="1" failures="0" timestamp="17 Dec 2014 05:34:58 GMT" time="0.991" errors="0">
  <testcase name="testapp" time="0.991" classname="testCases.MonthlyEMICalc"/>
</testsuite> <!-- testCases.MonthlyEMICalc -->
